::1 - - [11/May/2025:16:01:35 +0000] "GET /api/books HTTP/1.1" 200 2 "-" "PostmanRuntime/7.43.4"
::1 - - [11/May/2025:16:01:43 +0000] "POST /api/books HTTP/1.1" 200 144 "-" "PostmanRuntime/7.43.4"
::1 - - [11/May/2025:16:02:05 +0000] "PUT /api/books/pickup?id=08c98a69-8bf8-4f54-b47f-662b8accb664 HTTP/1.1" 404 - "-" "PostmanRuntime/7.43.4"
::1 - - [11/May/2025:16:02:59 +0000] "PUT /api/books/pickup?id=925dd685-d655-41ff-8848-649fc5ce2f1b HTTP/1.1" 200 14 "-" "PostmanRuntime/7.43.4"
::1 - - [11/May/2025:16:03:47 +0000] "PUT /api/books/return?id=925dd685-d655-41ff-8848-649fc5ce2f1b HTTP/1.1" 200 13 "-" "PostmanRuntime/7.43.4"
::1 - - [14/May/2025:15:53:57 +0000] "GET /api/books HTTP/1.1" 200 2 "-" "PostmanRuntime/7.43.4"
::1 - - [14/May/2025:15:54:11 +0000] "POST /api/books HTTP/1.1" 200 141 "-" "PostmanRuntime/7.43.4"
::1 - - [14/May/2025:15:54:32 +0000] "PUT /api/books/pickup?id=e1ba05a7-ae0e-4d05-ba65-8324d6114709 HTTP/1.1" 200 14 "-" "PostmanRuntime/7.43.4"
::1 - - [14/May/2025:15:54:39 +0000] "GET /api/books HTTP/1.1" 200 142 "-" "PostmanRuntime/7.43.4"
::1 - - [14/May/2025:15:54:58 +0000] "GET /api/books/genre?genre=adventure HTTP/1.1" 200 65 "-" "PostmanRuntime/7.43.4"
::1 - - [14/May/2025:15:55:29 +0000] "PUT /api/books/return?id=e1ba05a7-ae0e-4d05-ba65-8324d6114709 HTTP/1.1" 200 13 "-" "PostmanRuntime/7.43.4"
::1 - - [14/May/2025:15:55:36 +0000] "GET /api/books HTTP/1.1" 200 186 "-" "PostmanRuntime/7.43.4"
::1 - - [14/May/2025:17:20:24 +0000] "POST /api/books HTTP/1.1" 200 141 "-" "PostmanRuntime/7.43.4"
::1 - - [14/May/2025:17:21:07 +0000] "POST /api/books HTTP/1.1" 200 144 "-" "PostmanRuntime/7.43.4"
::1 - - [14/May/2025:17:21:12 +0000] "POST /api/books HTTP/1.1" 400 - "-" "PostmanRuntime/7.43.4"
::1 - - [14/May/2025:17:21:19 +0000] "POST /api/books HTTP/1.1" 200 144 "-" "PostmanRuntime/7.43.4"
::1 - - [14/May/2025:17:21:56 +0000] "POST /api/books HTTP/1.1" 200 137 "-" "PostmanRuntime/7.43.4"
::1 - - [14/May/2025:17:23:47 +0000] "PUT /api/books/pickup?id=91d47ac3-ebe7-41cc-af75-e73a3850c1f0 HTTP/1.1" 200 14 "-" "PostmanRuntime/7.43.4"
::1 - - [14/May/2025:17:24:00 +0000] "GET /api/books HTTP/1.1" 200 734 "-" "PostmanRuntime/7.43.4"
::1 - - [14/May/2025:17:24:22 +0000] "PUT /api/books/return?id=91d47ac3-ebe7-41cc-af75-e73a3850c1f0 HTTP/1.1" 200 13 "-" "PostmanRuntime/7.43.4"
::1 - - [14/May/2025:17:24:30 +0000] "GET /api/books HTTP/1.1" 200 811 "-" "PostmanRuntime/7.43.4"
::1 - - [14/May/2025:17:26:29 +0000] "GET /api/books/genre?genre=dystopia HTTP/1.1" 200 61 "-" "PostmanRuntime/7.43.4"
::1 - - [14/May/2025:17:28:46 +0000] "POST /api/books HTTP/1.1" 200 151 "-" "PostmanRuntime/7.43.4"
::1 - - [14/May/2025:17:29:27 +0000] "POST /api/books HTTP/1.1" 200 144 "-" "PostmanRuntime/7.43.4"
::1 - - [14/May/2025:17:29:52 +0000] "PUT /api/books/pickup?id=3302f299-7bc9-4a8f-befa-d4f26353a5ea HTTP/1.1" 200 14 "-" "PostmanRuntime/7.43.4"
::1 - - [14/May/2025:17:30:02 +0000] "GET /api/books/genre?genre=dystopia HTTP/1.1" 200 202 "-" "PostmanRuntime/7.43.4"
::1 - - [14/May/2025:17:54:26 +0000] "GET /api/books/genre/status?genre=dystopia&status=on_hand HTTP/1.1" 200 186 "-" "PostmanRuntime/7.43.4"
::1 - - [14/May/2025:17:55:53 +0000] "GET /api/books/genre/status?genre=dystopia&status=on_stock HTTP/1.1" 200 449 "-" "PostmanRuntime/7.43.4"
::1 - - [18/May/2025:17:48:33 +0000] "POST /api/books HTTP/1.1" 200 144 "-" "PostmanRuntime/7.43.4"
::1 - - [18/May/2025:17:49:06 +0000] "GET /api/books HTTP/1.1" 200 1375 "-" "PostmanRuntime/7.43.4"
::1 - - [18/May/2025:17:50:43 +0000] "GET /api/books HTTP/1.1" 200 8548 "-" "PostmanRuntime/7.43.4"
::1 - - [18/May/2025:17:51:33 +0000] "POST /api/books HTTP/1.1" 500 - "-" "PostmanRuntime/7.43.4"
::1 - - [18/May/2025:17:56:18 +0000] "POST /api/books HTTP/1.1" 200 144 "-" "PostmanRuntime/7.43.4"
::1 - - [18/May/2025:17:56:37 +0000] "GET /api/books HTTP/1.1" 200 9606 "-" "PostmanRuntime/7.43.4"
::1 - - [18/May/2025:18:00:34 +0000] "GET /api/books HTTP/1.1" 200 9606 "-" "PostmanRuntime/7.43.4"
::1 - - [18/May/2025:18:01:40 +0000] "POST /api/books HTTP/1.1" 200 144 "-" "PostmanRuntime/7.43.4"
::1 - - [18/May/2025:18:01:50 +0000] "GET /api/books HTTP/1.1" 200 11245 "-" "PostmanRuntime/7.43.4"
::1 - - [21/May/2025:08:07:59 +0000] "GET /api/books HTTP/1.1" 500 - "-" "PostmanRuntime/7.43.4"
::1 - - [21/May/2025:08:08:20 +0000] "GET /api/books HTTP/1.1" 200 11245 "-" "PostmanRuntime/7.43.4"
::1 - - [21/May/2025:08:10:30 +0000] "GET /api/books HTTP/1.1" 200 239 "-" "PostmanRuntime/7.43.4"
::1 - - [21/May/2025:08:15:54 +0000] "GET /api/books/genre?genre=dystopia HTTP/1.1" 200 68 "-" "PostmanRuntime/7.43.4"
::1 - - [21/May/2025:08:17:27 +0000] "GET /api/books/genre/status?genre=dystopia&status=on_stock HTTP/1.1" 200 134 "-" "PostmanRuntime/7.43.4"
::1 - - [21/May/2025:08:27:27 +0000] "GET /api/books HTTP/1.1" 200 239 "-" "PostmanRuntime/7.43.4"
::1 - - [21/May/2025:08:30:55 +0000] "POST /api/books HTTP/1.1" 400 - "-" "PostmanRuntime/7.43.4"
::1 - - [21/May/2025:08:32:19 +0000] "POST /api/books HTTP/1.1" 200 152 "-" "PostmanRuntime/7.43.4"
::1 - - [21/May/2025:08:32:36 +0000] "GET /api/books HTTP/1.1" 200 380 "-" "PostmanRuntime/7.43.4"
::1 - - [21/May/2025:08:46:19 +0000] "PUT /api/books/pickup?id=234-rtty-12 HTTP/1.1" 400 - "-" "PostmanRuntime/7.43.4"
::1 - - [21/May/2025:08:47:04 +0000] "PUT /api/books/pickup?id=56fde492-ae35-4c7c-acdb-4c HTTP/1.1" 400 - "-" "PostmanRuntime/7.43.4"
::1 - - [21/May/2025:08:48:15 +0000] "PUT /api/books/pickup?id=56fde492-ae35-4c7c-acdb-4c HTTP/1.1" 200 14 "-" "PostmanRuntime/7.43.4"
::1 - - [21/May/2025:08:48:23 +0000] "GET /api/books HTTP/1.1" 200 379 "-" "PostmanRuntime/7.43.4"
::1 - - [21/May/2025:08:48:48 +0000] "PUT /api/books/pickup?id=56fde492-ae35-4c7c-acdb-4a HTTP/1.1" 200 14 "-" "PostmanRuntime/7.43.4"
::1 - - [21/May/2025:08:50:33 +0000] "PUT /api/books/pickup?id=56fde492-ae35-4c7c-acdb-4c HTTP/1.1" 200 14 "-" "PostmanRuntime/7.43.4"
::1 - - [21/May/2025:08:52:22 +0000] "PUT /api/books/pickup?id=56fde492-ae35-4c7c-acdb-4c HTTP/1.1" 400 - "-" "PostmanRuntime/7.43.4"
::1 - - [21/May/2025:08:53:00 +0000] "PUT /api/books/pickup?id=56fde492-ae35-4c7c-acdb-4 HTTP/1.1" 400 - "-" "PostmanRuntime/7.43.4"
::1 - - [21/May/2025:08:53:08 +0000] "PUT /api/books/pickup?id=56fde492-ae35-4c7c-acdb-4u HTTP/1.1" 404 - "-" "PostmanRuntime/7.43.4"
::1 - - [21/May/2025:08:53:16 +0000] "PUT /api/books/pickup?id=56fde492-ae35-4c7c-acdb-4c HTTP/1.1" 400 - "-" "PostmanRuntime/7.43.4"
::1 - - [21/May/2025:09:03:45 +0000] "PUT /api/books?id=56fde492-ae35-4c7c-acdb-4c HTTP/1.1" 404 148 "-" "PostmanRuntime/7.43.4"
::1 - - [21/May/2025:09:04:26 +0000] "DELETE /api/books/remove?id=56fde492-ae35-4c7c-acdb-4c HTTP/1.1" 200 74 "-" "PostmanRuntime/7.43.4"
::1 - - [21/May/2025:09:04:35 +0000] "GET /api/books HTTP/1.1" 200 239 "-" "PostmanRuntime/7.43.4"
::1 - - [21/May/2025:10:33:53 +0000] "PUT /api/books/return?id=8076908a-ec46-4f86-b1b9-c7 HTTP/1.1" 404 - "-" "PostmanRuntime/7.43.4"
::1 - - [21/May/2025:10:34:01 +0000] "GET /api/books HTTP/1.1" 200 202 "-" "PostmanRuntime/7.43.4"
::1 - - [21/May/2025:10:35:42 +0000] "DELETE /api/books/remove?id=56fde492-ae35-4c7c-acdb-4c HTTP/1.1" 404 - "-" "PostmanRuntime/7.43.4"
::1 - - [21/May/2025:10:38:31 +0000] "GET /api/books HTTP/1.1" 200 2 "-" "PostmanRuntime/7.43.4"
::1 - - [21/May/2025:10:38:37 +0000] "POST /api/books HTTP/1.1" 200 152 "-" "PostmanRuntime/7.43.4"
::1 - - [21/May/2025:10:39:31 +0000] "POST /api/books HTTP/1.1" 200 144 "-" "PostmanRuntime/7.43.4"
::1 - - [21/May/2025:10:40:00 +0000] "POST /api/books HTTP/1.1" 200 137 "-" "PostmanRuntime/7.43.4"
::1 - - [21/May/2025:10:40:41 +0000] "POST /api/books HTTP/1.1" 200 140 "-" "PostmanRuntime/7.43.4"
::1 - - [21/May/2025:10:40:45 +0000] "GET /api/books HTTP/1.1" 200 530 "-" "PostmanRuntime/7.43.4"
::1 - - [21/May/2025:10:41:03 +0000] "PUT /api/books/pickup?id=dc4e173a-64e6-410c-a81b-34 HTTP/1.1" 200 14 "-" "PostmanRuntime/7.43.4"
::1 - - [21/May/2025:10:41:09 +0000] "GET /api/books HTTP/1.1" 200 529 "-" "PostmanRuntime/7.43.4"
::1 - - [21/May/2025:10:41:41 +0000] "PUT /api/books/return?id=dc4e173a-64e6-410c-a81b-34 HTTP/1.1" 200 13 "-" "PostmanRuntime/7.43.4"
::1 - - [21/May/2025:10:41:47 +0000] "GET /api/books HTTP/1.1" 200 529 "-" "PostmanRuntime/7.43.4"
::1 - - [21/May/2025:10:41:53 +0000] "GET /api/books HTTP/1.1" 200 529 "-" "PostmanRuntime/7.43.4"
::1 - - [21/May/2025:10:43:56 +0000] "PUT /api/books/return?id=dc4e173a-64e6-410c-a81b-34 HTTP/1.1" 400 - "-" "PostmanRuntime/7.43.4"
::1 - - [21/May/2025:10:53:26 +0000] "PUT /api/books/return?id=dc4e173a-64e6-410c-a81b-34 HTTP/1.1" 500 - "-" "PostmanRuntime/7.43.4"
::1 - - [21/May/2025:10:54:47 +0000] "PUT /api/books/return?id=dc4e173a-64e6-410c-a81b-34 HTTP/1.1" 500 - "-" "PostmanRuntime/7.43.4"
::1 - - [21/May/2025:10:55:45 +0000] "PUT /api/books/return?id=dc4e173a-64e6-410c-a81b-34 HTTP/1.1" 200 13 "-" "PostmanRuntime/7.43.4"
::1 - - [21/May/2025:10:56:08 +0000] "GET /api/books HTTP/1.1" 200 530 "-" "PostmanRuntime/7.43.4"
::1 - - [21/May/2025:11:11:53 +0000] "PUT /api/books/pickup?id=aeeb745a-433f-4de6-b90c-36 HTTP/1.1" 200 14 "-" "PostmanRuntime/7.43.4"
::1 - - [21/May/2025:11:11:59 +0000] "GET /api/books HTTP/1.1" 200 529 "-" "PostmanRuntime/7.43.4"
::1 - - [21/May/2025:11:12:17 +0000] "PUT /api/books/return?id=aeeb745a-433f-4de6-b90c-36 HTTP/1.1" 200 13 "-" "PostmanRuntime/7.43.4"
::1 - - [21/May/2025:11:12:24 +0000] "GET /api/books HTTP/1.1" 200 530 "-" "PostmanRuntime/7.43.4"
::1 - - [21/May/2025:11:35:38 +0000] "DELETE /api/books/remove?id=aeeb745a-433f-4de6-b90c-36 HTTP/1.1" 200 66 "-" "PostmanRuntime/7.43.4"
::1 - - [21/May/2025:11:37:15 +0000] "GET /api/books HTTP/1.1" 200 530 "-" "PostmanRuntime/7.43.4"
::1 - - [21/May/2025:11:42:02 +0000] "DELETE /api/books/remove?id=aeeb745a-433f-4de6-b90c-36 HTTP/1.1" 200 66 "-" "PostmanRuntime/7.43.4"
::1 - - [21/May/2025:11:42:35 +0000] "DELETE /api/books/remove?id=aeeb745a-433f-4de6-b90c-36 HTTP/1.1" 200 66 "-" "PostmanRuntime/7.43.4"
::1 - - [21/May/2025:11:42:45 +0000] "GET /api/books HTTP/1.1" 200 397 "-" "PostmanRuntime/7.43.4"
::1 - - [21/May/2025:11:52:17 +0000] "GET /api/books/book?id=ghjtf HTTP/1.1" 404 - "-" "PostmanRuntime/7.43.4"
::1 - - [21/May/2025:11:53:01 +0000] "GET /api/books/book?id=dc4e173a-64e6-410c-a81b-34 HTTP/1.1" 200 197 "-" "PostmanRuntime/7.43.4"
::1 - - [21/May/2025:15:19:15 +0000] "GET /api/books HTTP/1.1" 200 13386 "-" "PostmanRuntime/7.43.4"
::1 - - [21/May/2025:15:44:42 +0000] "PUT /api/books/pickup?id=dc4e173a-64e6-410c-a81b-34 HTTP/1.1" 200 14 "-" "PostmanRuntime/7.43.4"
::1 - - [21/May/2025:15:44:48 +0000] "GET /api/books HTTP/1.1" 200 396 "-" "PostmanRuntime/7.43.4"
::1 - - [21/May/2025:15:45:26 +0000] "PUT /api/books/return?id=dc4e173a-64e6-410c-a81b-34 HTTP/1.1" 200 13 "-" "PostmanRuntime/7.43.4"
::1 - - [21/May/2025:15:45:53 +0000] "GET /api/books/book?id=dc4e173a-64e6-410c-a81b-34 HTTP/1.1" 200 240 "-" "PostmanRuntime/7.43.4"
::1 - - [21/May/2025:15:49:58 +0000] "DELETE /api/books/remove?id=dc4e173a-64e6-410c-a81b-34 HTTP/1.1" 200 74 "-" "PostmanRuntime/7.43.4"
::1 - - [21/May/2025:15:52:25 +0000] "DELETE /api/books/remove?id=dc4e173a-64e6-410c-a81b-34 HTTP/1.1" 200 74 "-" "PostmanRuntime/7.43.4"
::1 - - [25/May/2025:05:53:39 +0000] "POST /accounts/account HTTP/1.1" 500 - "-" "PostmanRuntime/7.44.0"
::1 - - [25/May/2025:05:54:03 +0000] "POST /accounts/account HTTP/1.1" 500 - "-" "PostmanRuntime/7.44.0"
::1 - - [25/May/2025:05:55:31 +0000] "POST /accounts/account HTTP/1.1" 500 - "-" "PostmanRuntime/7.44.0"
::1 - - [25/May/2025:05:57:04 +0000] "POST /accounts/account HTTP/1.1" 500 - "-" "PostmanRuntime/7.44.0"
::1 - - [25/May/2025:05:58:00 +0000] "POST /accounts/account HTTP/1.1" 500 - "-" "PostmanRuntime/7.44.0"
::1 - - [25/May/2025:05:59:07 +0000] "POST /accounts/account HTTP/1.1" 500 - "-" "PostmanRuntime/7.44.0"
::1 - - [25/May/2025:06:02:58 +0000] "POST /accounts/account HTTP/1.1" 500 - "-" "PostmanRuntime/7.44.0"
::1 - - [25/May/2025:06:09:24 +0000] "POST /api/books HTTP/1.1" 500 - "-" "PostmanRuntime/7.44.0"
::1 - - [25/May/2025:06:10:48 +0000] "POST /api/books HTTP/1.1" 200 151 "-" "PostmanRuntime/7.44.0"
::1 - - [25/May/2025:06:10:58 +0000] "GET /api/books HTTP/1.1" 200 1568 "-" "PostmanRuntime/7.44.0"
::1 - - [25/May/2025:06:14:07 +0000] "POST /accounts HTTP/1.1" 400 - "-" "PostmanRuntime/7.44.0"
::1 - - [25/May/2025:06:15:00 +0000] "POST /accounts HTTP/1.1" 400 - "-" "PostmanRuntime/7.44.0"
::1 - - [25/May/2025:06:15:30 +0000] "POST /accounts HTTP/1.1" 500 - "-" "PostmanRuntime/7.44.0"
::1 - - [25/May/2025:06:33:42 +0000] "POST /accounts HTTP/1.1" 500 - "-" "PostmanRuntime/7.44.0"
::1 - - [25/May/2025:06:34:40 +0000] "POST /accounts HTTP/1.1" 201 - "-" "PostmanRuntime/7.44.0"
::1 - - [25/May/2025:06:37:26 +0000] "POST /accounts HTTP/1.1" 201 - "-" "PostmanRuntime/7.44.0"
::1 - - [25/May/2025:06:39:08 +0000] "POST /accounts HTTP/1.1" 201 - "-" "PostmanRuntime/7.44.0"
::1 - - [25/May/2025:06:43:10 +0000] "POST /accounts HTTP/1.1" 201 - "-" "PostmanRuntime/7.44.0"
::1 - - [25/May/2025:06:44:42 +0000] "POST /accounts HTTP/1.1" 201 - "-" "PostmanRuntime/7.44.0"
::1 - - [25/May/2025:06:45:26 +0000] "POST /accounts HTTP/1.1" 201 - "-" "PostmanRuntime/7.44.0"
::1 - - [25/May/2025:06:47:19 +0000] "POST /accounts HTTP/1.1" 201 - "-" "PostmanRuntime/7.44.0"
::1 - - [25/May/2025:06:49:05 +0000] "POST /accounts HTTP/1.1" 201 - "-" "PostmanRuntime/7.44.0"
::1 - - [25/May/2025:06:49:46 +0000] "POST /accounts HTTP/1.1" 201 - "-" "PostmanRuntime/7.44.0"
::1 - - [25/May/2025:06:55:56 +0000] "POST /accounts HTTP/1.1" 201 - "-" "PostmanRuntime/7.44.0"
::1 - - [25/May/2025:06:56:35 +0000] "POST /accounts HTTP/1.1" 404 - "-" "PostmanRuntime/7.44.0"
::1 - - [25/May/2025:06:57:09 +0000] "POST /accounts HTTP/1.1" 409 - "-" "PostmanRuntime/7.44.0"
::1 - - [25/May/2025:07:22:13 +0000] "POST /accounts/ HTTP/1.1" 500 - "-" "PostmanRuntime/7.44.0"
::1 - - [25/May/2025:07:22:46 +0000] "GET /accounts/account/Draconus HTTP/1.1" - - "-" "PostmanRuntime/7.44.0"
::1 - - [25/May/2025:07:23:50 +0000] "GET /accounts/account/Draconus HTTP/1.1" - - "-" "PostmanRuntime/7.44.0"
::1 - - [25/May/2025:07:27:00 +0000] "GET /accounts/account/Draconus HTTP/1.1" - - "-" "PostmanRuntime/7.44.0"
::1 - - [25/May/2025:07:29:44 +0000] "GET /accounts/account/Draconus HTTP/1.1" 200 - "-" "PostmanRuntime/7.44.0"
::1 - - [25/May/2025:07:30:23 +0000] "GET /accounts/account/Draconus HTTP/1.1" 200 - "-" "PostmanRuntime/7.44.0"
::1 - - [25/May/2025:07:30:57 +0000] "GET /accounts/account/Draconus HTTP/1.1" 200 182 "-" "PostmanRuntime/7.44.0"
::1 - - [25/May/2025:07:35:51 +0000] "GET /accounts/account/Draconus HTTP/1.1" 200 149 "-" "PostmanRuntime/7.44.0"
::1 - - [25/May/2025:07:36:54 +0000] "GET /accounts/account/Draconus HTTP/1.1" 200 149 "-" "PostmanRuntime/7.44.0"
::1 - - [25/May/2025:07:38:36 +0000] "POST /accounts HTTP/1.1" 201 - "-" "PostmanRuntime/7.44.0"
::1 - - [25/May/2025:07:45:27 +0000] "DELETE /accounts/account/Draconus HTTP/1.1" 200 182 "-" "PostmanRuntime/7.44.0"
::1 - - [25/May/2025:07:52:47 +0000] "POST /accounts HTTP/1.1" 400 - "-" "PostmanRuntime/7.44.0"
::1 - - [25/May/2025:14:46:03 +0000] "PUT /accounts HTTP/1.1" 400 - "-" "PostmanRuntime/7.44.0"
::1 - - [25/May/2025:14:46:38 +0000] "PUT /accounts HTTP/1.1" 400 - "-" "PostmanRuntime/7.44.0"
::1 - - [25/May/2025:14:47:06 +0000] "PUT /accounts HTTP/1.1" 200 - "-" "PostmanRuntime/7.44.0"
::1 - catAdi [25/May/2025:14:48:37 +0000] "GET /accounts/account/Draconus HTTP/1.1" 200 149 "-" "PostmanRuntime/7.44.0"
::1 - catAdi [25/May/2025:14:49:02 +0000] "GET /accounts/account/catAdi HTTP/1.1" 200 143 "-" "PostmanRuntime/7.44.0"
::1 - - [25/May/2025:17:10:54 +0000] "POST /accounts HTTP/1.1" 201 - "-" "PostmanRuntime/7.44.0"
::1 - - [25/May/2025:17:11:34 +0000] "GET /accounts/account/Trinity HTTP/1.1" 200 149 "-" "PostmanRuntime/7.44.0"
::1 - catAdi [25/May/2025:17:13:17 +0000] "GET /accounts/account/Trinity HTTP/1.1" 200 149 "-" "PostmanRuntime/7.44.0"
::1 - catAdi [25/May/2025:17:19:39 +0000] "GET /accounts/account/Trinity HTTP/1.1" 200 149 "-" "PostmanRuntime/7.44.0"
::1 - Trinity [25/May/2025:17:20:29 +0000] "GET /accounts/account/Trinity HTTP/1.1" 200 149 "-" "PostmanRuntime/7.44.0"
::1 - - [25/May/2025:17:38:04 +0000] "POST /accounts HTTP/1.1" 201 - "-" "PostmanRuntime/7.44.0"
::1 - Trinity [25/May/2025:17:39:20 +0000] "GET /accounts/account/Trinity HTTP/1.1" 200 149 "-" "PostmanRuntime/7.44.0"
::1 - Trinity [25/May/2025:17:47:27 +0000] "GET /accounts/account/Trinity HTTP/1.1" 200 149 "-" "PostmanRuntime/7.44.0"
::1 - Trinity [25/May/2025:17:48:21 +0000] "GET /accounts/account/Trinity HTTP/1.1" 403 - "-" "PostmanRuntime/7.44.0"
::1 - Trinity [25/May/2025:18:07:41 +0000] "PUT /accounts HTTP/1.1" 409 - "-" "PostmanRuntime/7.44.0"
::1 - - [27/May/2025:12:14:14 +0000] "POST /accounts HTTP/1.1" 201 - "-" "PostmanRuntime/7.44.0"
::1 - - [27/May/2025:12:14:40 +0000] "POST /accounts HTTP/1.1" 409 - "-" "PostmanRuntime/7.44.0"
::1 - - [27/May/2025:12:14:53 +0000] "POST /accounts HTTP/1.1" 201 - "-" "PostmanRuntime/7.44.0"
::1 - - [27/May/2025:12:15:34 +0000] "POST /accounts HTTP/1.1" 201 - "-" "PostmanRuntime/7.44.0"
::1 - - [27/May/2025:12:29:30 +0000] "POST /accounts HTTP/1.1" 201 - "-" "PostmanRuntime/7.44.0"
::1 - - [27/May/2025:13:08:05 +0000] "POST /accounts HTTP/1.1" 409 - "-" "PostmanRuntime/7.44.0"
::1 - - [27/May/2025:13:08:11 +0000] "POST /accounts HTTP/1.1" 201 - "-" "PostmanRuntime/7.44.0"
::1 - - [27/May/2025:13:09:23 +0000] "POST /accounts HTTP/1.1" 201 - "-" "PostmanRuntime/7.44.0"
::1 - - [27/May/2025:13:11:10 +0000] "POST /accounts HTTP/1.1" 201 - "-" "PostmanRuntime/7.44.0"
::1 - Trinity2 [27/May/2025:14:06:58 +0000] "GET /accounts HTTP/1.1" 404 147 "-" "PostmanRuntime/7.44.0"
::1 - Trinity2 [27/May/2025:14:08:01 +0000] "GET /accounts?username=Trinity2 HTTP/1.1" 404 147 "-" "PostmanRuntime/7.44.0"
::1 - Trinity2 [27/May/2025:14:08:08 +0000] "GET /accounts HTTP/1.1" 404 147 "-" "PostmanRuntime/7.44.0"
::1 - Trinity2 [27/May/2025:14:08:14 +0000] "GET /accounts?username=Trinity2 HTTP/1.1" 404 147 "-" "PostmanRuntime/7.44.0"
::1 - Trinity2 [27/May/2025:14:08:34 +0000] "GET /accounts?params=Trinity2 HTTP/1.1" 404 147 "-" "PostmanRuntime/7.44.0"
::1 - Trinity2 [27/May/2025:14:10:12 +0000] "GET /accounts?params=Trinity2 HTTP/1.1" 404 147 "-" "PostmanRuntime/7.44.0"
::1 - Trinity2 [27/May/2025:14:10:25 +0000] "GET /accounts?params=Trinity2 HTTP/1.1" 404 147 "-" "PostmanRuntime/7.44.0"
::1 - Trinity2 [27/May/2025:14:10:30 +0000] "GET /accounts HTTP/1.1" 404 147 "-" "PostmanRuntime/7.44.0"
::1 - Trinity2 [27/May/2025:14:10:50 +0000] "GET /accounts HTTP/1.1" 404 147 "-" "PostmanRuntime/7.44.0"
::1 - Trinity2 [27/May/2025:14:10:53 +0000] "GET /accounts HTTP/1.1" 404 147 "-" "PostmanRuntime/7.44.0"
::1 - Trinity2 [27/May/2025:14:10:54 +0000] "GET /accounts HTTP/1.1" 404 147 "-" "PostmanRuntime/7.44.0"
::1 - Trinity2 [27/May/2025:14:10:55 +0000] "GET /accounts HTTP/1.1" 404 147 "-" "PostmanRuntime/7.44.0"
::1 - Trinity2 [27/May/2025:14:10:56 +0000] "GET /accounts HTTP/1.1" 404 147 "-" "PostmanRuntime/7.44.0"
::1 - Trinity2 [27/May/2025:14:11:00 +0000] "GET /accounts?params=Trinity2 HTTP/1.1" 404 147 "-" "PostmanRuntime/7.44.0"
::1 - Trinity2 [27/May/2025:14:11:01 +0000] "GET /accounts?params=Trinity2 HTTP/1.1" 404 147 "-" "PostmanRuntime/7.44.0"
::1 - Trinity2 [27/May/2025:14:11:01 +0000] "GET /accounts?params=Trinity2 HTTP/1.1" 404 147 "-" "PostmanRuntime/7.44.0"
::1 - Trinity2 [27/May/2025:14:11:02 +0000] "GET /accounts?params=Trinity2 HTTP/1.1" 404 147 "-" "PostmanRuntime/7.44.0"
::1 - Trinity2 [27/May/2025:14:12:29 +0000] "GET /accounts/accounts?params=Trinity2 HTTP/1.1" 404 156 "-" "PostmanRuntime/7.44.0"
::1 - Trinity2 [27/May/2025:14:12:42 +0000] "GET /accounts/accounts/Trinity2 HTTP/1.1" 404 165 "-" "PostmanRuntime/7.44.0"
::1 - Trinity2 [27/May/2025:14:12:43 +0000] "GET /accounts/accounts/Trinity2 HTTP/1.1" 404 165 "-" "PostmanRuntime/7.44.0"
::1 - Trinity2 [27/May/2025:14:12:53 +0000] "GET /accounts/accounts/ HTTP/1.1" 404 157 "-" "PostmanRuntime/7.44.0"
::1 - Trinity2 [27/May/2025:14:14:06 +0000] "GET /accounts/?param=Trinity2 HTTP/1.1" 404 148 "-" "PostmanRuntime/7.44.0"
::1 - Trinity2 [27/May/2025:14:14:45 +0000] "GET /accounts/?param=Trinity2 HTTP/1.1" 404 148 "-" "PostmanRuntime/7.44.0"
::1 - Trinity2 [27/May/2025:14:14:47 +0000] "GET /accounts/?param=Trinity2 HTTP/1.1" 404 148 "-" "PostmanRuntime/7.44.0"
::1 - Trinity2 [27/May/2025:14:20:46 +0000] "GET /accounts/account/Trinity2 HTTP/1.1" 200 151 "-" "PostmanRuntime/7.44.0"
::1 - Trinity2 [27/May/2025:14:21:36 +0000] "GET /accounts/account/Trinity2 HTTP/1.1" 200 151 "-" "PostmanRuntime/7.44.0"
::1 - - [27/May/2025:14:32:00 +0000] "POST /accounts HTTP/1.1" 409 - "-" "PostmanRuntime/7.44.0"
::1 - - [27/May/2025:14:32:05 +0000] "POST /accounts HTTP/1.1" 201 - "-" "PostmanRuntime/7.44.0"
::1 - - [27/May/2025:14:33:07 +0000] "POST /accounts HTTP/1.1" 201 - "-" "PostmanRuntime/7.44.0"
::1 - Trinity3 [27/May/2025:14:42:48 +0000] "GET /accounts/account/Trinity3 HTTP/1.1" 200 151 "-" "PostmanRuntime/7.44.0"
::1 - Trinity3 [27/May/2025:14:46:31 +0000] "DELETE /accounts/account/Trinity3 HTTP/1.1" 200 184 "-" "PostmanRuntime/7.44.0"
::1 - - [27/May/2025:16:05:24 +0000] "POST /accounts HTTP/1.1" 409 - "-" "PostmanRuntime/7.44.0"
::1 - Trinity8 [27/May/2025:16:06:30 +0000] "PUT /accounts HTTP/1.1" 409 - "-" "PostmanRuntime/7.44.0"
::1 - Trinity8 [27/May/2025:16:06:37 +0000] "PUT /accounts HTTP/1.1" 409 - "-" "PostmanRuntime/7.44.0"
::1 - Trinity8 [27/May/2025:16:06:46 +0000] "PUT /accounts HTTP/1.1" 409 - "-" "PostmanRuntime/7.44.0"
::1 - Trinity8 [27/May/2025:16:07:00 +0000] "PUT /accounts HTTP/1.1" 409 - "-" "PostmanRuntime/7.44.0"
::1 - Trinity8 [27/May/2025:16:08:49 +0000] "PUT /accounts HTTP/1.1" 409 - "-" "PostmanRuntime/7.44.0"
::1 - Trinity8 [27/May/2025:16:10:32 +0000] "PUT /accounts HTTP/1.1" 409 - "-" "PostmanRuntime/7.44.0"
::1 - Trinity8 [27/May/2025:16:10:41 +0000] "PUT /accounts HTTP/1.1" 409 - "-" "PostmanRuntime/7.44.0"
::1 - Trinity8 [27/May/2025:16:10:46 +0000] "PUT /accounts HTTP/1.1" 409 - "-" "PostmanRuntime/7.44.0"
::1 - Trinity8 [27/May/2025:16:15:21 +0000] "PUT /accounts HTTP/1.1" 200 - "-" "PostmanRuntime/7.44.0"
::1 - Trinity8 [27/May/2025:16:15:33 +0000] "PUT /accounts HTTP/1.1" 200 - "-" "PostmanRuntime/7.44.0"
::1 - Trinity8 [27/May/2025:16:19:31 +0000] "PUT /accounts/password HTTP/1.1" 400 - "-" "PostmanRuntime/7.44.0"
::1 - Trinity8 [27/May/2025:16:20:56 +0000] "PUT /accounts/password HTTP/1.1" 200 - "-" "PostmanRuntime/7.44.0"
::1 - Trinity8 [27/May/2025:16:21:08 +0000] "PUT /accounts/password HTTP/1.1" 200 - "-" "PostmanRuntime/7.44.0"
::1 - Trinity8 [27/May/2025:16:21:11 +0000] "PUT /accounts/password HTTP/1.1" 200 - "-" "PostmanRuntime/7.44.0"
::1 - Trinity8 [27/May/2025:16:21:47 +0000] "PUT /accounts/password HTTP/1.1" 200 - "-" "PostmanRuntime/7.44.0"
::1 - Trinity8 [27/May/2025:16:22:01 +0000] "PUT /accounts/password HTTP/1.1" 200 - "-" "PostmanRuntime/7.44.0"
::1 - Trinity8 [27/May/2025:16:22:07 +0000] "PUT /accounts/password HTTP/1.1" 200 - "-" "PostmanRuntime/7.44.0"
::1 - Trinity8 [27/May/2025:16:25:33 +0000] "PUT /accounts/password HTTP/1.1" 200 - "-" "PostmanRuntime/7.44.0"
::1 - Trinity8 [27/May/2025:16:25:40 +0000] "PUT /accounts/password HTTP/1.1" 200 - "-" "PostmanRuntime/7.44.0"
::1 - Trinity8 [27/May/2025:16:30:48 +0000] "PUT /accounts/password HTTP/1.1" 200 - "-" "PostmanRuntime/7.44.0"
::1 - Trinity8 [27/May/2025:16:31:22 +0000] "PUT /accounts/password HTTP/1.1" 200 - "-" "PostmanRuntime/7.44.0"
::1 - Trinity8 [27/May/2025:16:32:58 +0000] "PUT /accounts/profile HTTP/1.1" 400 - "-" "PostmanRuntime/7.44.0"
::1 - Trinity8 [27/May/2025:16:33:38 +0000] "PUT /accounts/profile HTTP/1.1" 200 - "-" "PostmanRuntime/7.44.0"
::1 - Trinity8 [27/May/2025:16:34:39 +0000] "PUT /accounts/profile HTTP/1.1" 200 - "-" "PostmanRuntime/7.44.0"
::1 - - [28/May/2025:12:42:20 +0000] "POST /accounts HTTP/1.1" 201 - "-" "PostmanRuntime/7.44.0"
::1 - - [28/May/2025:12:43:15 +0000] "POST /accounts HTTP/1.1" 409 - "-" "PostmanRuntime/7.44.0"
::1 - - [28/May/2025:12:44:59 +0000] "POST /accounts HTTP/1.1" 201 - "-" "PostmanRuntime/7.44.0"
::1 - - [28/May/2025:12:46:21 +0000] "POST /accounts HTTP/1.1" 201 - "-" "PostmanRuntime/7.44.0"
::1 - - [28/May/2025:12:53:01 +0000] "POST /accounts HTTP/1.1" 201 - "-" "PostmanRuntime/7.44.0"
::1 - Trinity20 [28/May/2025:12:53:32 +0000] "GET /accounts/account/Trinity18 HTTP/1.1" 403 - "-" "PostmanRuntime/7.44.0"
::1 - Trinity21 [28/May/2025:12:53:36 +0000] "GET /accounts/account/Trinity18 HTTP/1.1" 403 - "-" "PostmanRuntime/7.44.0"
::1 - - [28/May/2025:12:55:38 +0000] "POST /accounts HTTP/1.1" 201 - "-" "PostmanRuntime/7.44.0"
::1 - Trinity22 [28/May/2025:12:55:46 +0000] "GET /accounts/account/Trinity22 HTTP/1.1" 200 167 "-" "PostmanRuntime/7.44.0"
::1 - Trinity22 [28/May/2025:12:57:58 +0000] "PUT /accounts HTTP/1.1" 200 - "-" "PostmanRuntime/7.44.0"
::1 - Trinity22 [28/May/2025:12:58:34 +0000] "PUT /accounts/password HTTP/1.1" 200 - "-" "PostmanRuntime/7.44.0"
::1 - Trinity22 [28/May/2025:12:58:53 +0000] "PUT /accounts/profile HTTP/1.1" 200 - "-" "PostmanRuntime/7.44.0"
